2014-04-23 15:20:40 IST [org.apache.catalina.core.AprLifecycleListener] INFO org.apache.catalina.core.AprLifecycleListener init The APR based Apache Tomcat Native library which allows optimal performance in production environments was not found on the java.library.path: /usr/java/packages/lib/amd64:/usr/lib/x86_64-linux-gnu/jni:/lib/x86_64-linux-gnu:/usr/lib/x86_64-linux-gnu:/usr/lib/jni:/lib:/usr/lib
2014-04-23 15:20:40 IST [org.apache.coyote.http11.Http11Protocol] INFO org.apache.coyote.AbstractProtocol init Initializing ProtocolHandler ["http-bio-8080"]
2014-04-23 15:20:40 IST [org.apache.catalina.mbeans.GlobalResourcesLifecycleListener] SEVERE org.apache.catalina.mbeans.GlobalResourcesLifecycleListener createMBeans No global naming context defined for server
2014-04-23 15:20:40 IST [org.apache.catalina.core.StandardService] INFO org.apache.catalina.core.StandardService startInternal Starting service Catalina
2014-04-23 15:20:40 IST [org.apache.catalina.core.StandardEngine] INFO org.apache.catalina.core.StandardEngine startInternal Starting Servlet Engine: Apache Tomcat/7.0.32
2014-04-23 15:20:40 IST [org.apache.coyote.http11.Http11Protocol] INFO org.apache.coyote.AbstractProtocol start Starting ProtocolHandler ["http-bio-8080"]
2014-04-23 15:20:41 IST [org.apache.catalina.core.ContainerBase.[Catalina].[localhost].[/controller/web/flows]] INFO org.apache.catalina.core.ApplicationContext log No Spring WebApplicationInitializer types detected on classpath
2014-04-23 15:20:41 IST [org.apache.catalina.core.ContainerBase.[Catalina].[localhost].[/controller/web/flows]] INFO org.apache.catalina.core.ApplicationContext log Initializing Spring FrameworkServlet 'Flows'
2014-04-23 15:20:42 IST [com.sun.jersey.server.impl.application.WebApplicationImpl] INFO com.sun.jersey.server.impl.application.WebApplicationImpl _initiate Initiating Jersey application, version 'Jersey: 1.17 01/17/2013 03:31 PM'
2014-04-23 15:20:42 IST [com.sun.jersey.server.impl.application.DeferredResourceConfig] INFO com.sun.jersey.server.impl.application.DeferredResourceConfig$ApplicationHolder <init> Instantiated the Application class org.opendaylight.controller.northbound.commons.NorthboundApplication
2014-04-23 15:20:43 IST [com.sun.jersey.server.impl.application.WebApplicationImpl] INFO com.sun.jersey.server.impl.application.WebApplicationImpl _initiate Initiating Jersey application, version 'Jersey: 1.17 01/17/2013 03:31 PM'
2014-04-23 15:20:43 IST [com.sun.jersey.server.impl.application.DeferredResourceConfig] INFO com.sun.jersey.server.impl.application.DeferredResourceConfig$ApplicationHolder <init> Instantiated the Application class org.opendaylight.controller.northbound.commons.NorthboundApplication
2014-04-23 15:20:43 IST [com.sun.jersey.server.impl.application.WebApplicationImpl] INFO com.sun.jersey.server.impl.application.WebApplicationImpl _initiate Initiating Jersey application, version 'Jersey: 1.17 01/17/2013 03:31 PM'
2014-04-23 15:20:43 IST [com.sun.jersey.server.impl.application.DeferredResourceConfig] INFO com.sun.jersey.server.impl.application.DeferredResourceConfig$ApplicationHolder <init> Instantiated the Application class org.opendaylight.controller.northbound.commons.NorthboundApplication
2014-04-23 15:20:44 IST [com.sun.jersey.server.impl.application.WebApplicationImpl] INFO com.sun.jersey.server.impl.application.WebApplicationImpl _initiate Initiating Jersey application, version 'Jersey: 1.17 01/17/2013 03:31 PM'
2014-04-23 15:20:44 IST [com.sun.jersey.server.impl.application.DeferredResourceConfig] INFO com.sun.jersey.server.impl.application.DeferredResourceConfig$ApplicationHolder <init> Instantiated the Application class org.opendaylight.controller.northbound.commons.NorthboundApplication
2014-04-23 15:20:44 IST [org.apache.catalina.core.ContainerBase.[Catalina].[localhost].[/]] INFO org.apache.catalina.core.ApplicationContext log No Spring WebApplicationInitializer types detected on classpath
2014-04-23 15:20:44 IST [org.apache.catalina.core.ContainerBase.[Catalina].[localhost].[/]] INFO org.apache.catalina.core.ApplicationContext log Initializing Spring FrameworkServlet 'RootGUI'
2014-04-23 15:20:44 IST [com.sun.jersey.server.impl.application.WebApplicationImpl] INFO com.sun.jersey.server.impl.application.WebApplicationImpl _initiate Initiating Jersey application, version 'Jersey: 1.17 01/17/2013 03:31 PM'
2014-04-23 15:20:44 IST [com.sun.jersey.server.impl.application.DeferredResourceConfig] INFO com.sun.jersey.server.impl.application.DeferredResourceConfig$ApplicationHolder <init> Instantiated the Application class org.opendaylight.controller.northbound.commons.NorthboundApplication
2014-04-23 15:20:45 IST [com.sun.jersey.server.impl.application.WebApplicationImpl] INFO com.sun.jersey.server.impl.application.WebApplicationImpl _initiate Initiating Jersey application, version 'Jersey: 1.17 01/17/2013 03:31 PM'
2014-04-23 15:20:45 IST [com.sun.jersey.server.impl.application.DeferredResourceConfig] INFO com.sun.jersey.server.impl.application.DeferredResourceConfig$ApplicationHolder <init> Instantiated the Application class org.opendaylight.controller.northbound.commons.NorthboundApplication
2014-04-23 15:20:45 IST [org.apache.catalina.core.ContainerBase.[Catalina].[localhost].[/controller/web/devices]] INFO org.apache.catalina.core.ApplicationContext log No Spring WebApplicationInitializer types detected on classpath
2014-04-23 15:20:45 IST [org.apache.catalina.core.ContainerBase.[Catalina].[localhost].[/controller/web/devices]] INFO org.apache.catalina.core.ApplicationContext log Initializing Spring FrameworkServlet 'Devices'
2014-04-23 15:20:45 IST [com.sun.jersey.server.impl.application.WebApplicationImpl] INFO com.sun.jersey.server.impl.application.WebApplicationImpl _initiate Initiating Jersey application, version 'Jersey: 1.17 01/17/2013 03:31 PM'
2014-04-23 15:20:45 IST [com.sun.jersey.server.impl.application.DeferredResourceConfig] INFO com.sun.jersey.server.impl.application.DeferredResourceConfig$ApplicationHolder <init> Instantiated the Application class org.opendaylight.controller.containermanager.northbound.ContainerManagerNorthboundRSApplication
2014-04-23 15:20:46 IST [com.sun.jersey.server.impl.application.WebApplicationImpl] INFO com.sun.jersey.server.impl.application.WebApplicationImpl _initiate Initiating Jersey application, version 'Jersey: 1.17 01/17/2013 03:31 PM'
2014-04-23 15:20:46 IST [com.sun.jersey.server.impl.application.DeferredResourceConfig] INFO com.sun.jersey.server.impl.application.DeferredResourceConfig$ApplicationHolder <init> Instantiated the Application class org.opendaylight.controller.northbound.commons.NorthboundApplication
2014-04-23 15:20:47 IST [com.sun.jersey.server.impl.application.WebApplicationImpl] INFO com.sun.jersey.server.impl.application.WebApplicationImpl _initiate Initiating Jersey application, version 'Jersey: 1.17 01/17/2013 03:31 PM'
2014-04-23 15:20:47 IST [com.sun.jersey.server.impl.application.DeferredResourceConfig] INFO com.sun.jersey.server.impl.application.DeferredResourceConfig$ApplicationHolder <init> Instantiated the Application class org.opendaylight.controller.northbound.commons.NorthboundApplication
2014-04-23 15:20:48 IST [com.sun.jersey.server.impl.application.WebApplicationImpl] INFO com.sun.jersey.server.impl.application.WebApplicationImpl _initiate Initiating Jersey application, version 'Jersey: 1.17 01/17/2013 03:31 PM'
2014-04-23 15:20:48 IST [com.sun.jersey.server.impl.application.DeferredResourceConfig] INFO com.sun.jersey.server.impl.application.DeferredResourceConfig$ApplicationHolder <init> Instantiated the Application class org.opendaylight.controller.sal.rest.impl.RestconfApplication
2014-04-23 15:20:48 IST [org.apache.catalina.core.ContainerBase.[Catalina].[localhost].[/controller/web/troubleshoot]] INFO org.apache.catalina.core.ApplicationContext log No Spring WebApplicationInitializer types detected on classpath
2014-04-23 15:20:48 IST [org.apache.catalina.core.ContainerBase.[Catalina].[localhost].[/controller/web/troubleshoot]] INFO org.apache.catalina.core.ApplicationContext log Initializing Spring FrameworkServlet 'Troubleshoot'
2014-04-23 15:20:50 IST [com.sun.jersey.server.impl.application.WebApplicationImpl] INFO com.sun.jersey.server.impl.application.WebApplicationImpl _initiate Initiating Jersey application, version 'Jersey: 1.17 01/17/2013 03:31 PM'
2014-04-23 15:20:50 IST [com.sun.jersey.server.impl.application.DeferredResourceConfig] INFO com.sun.jersey.server.impl.application.DeferredResourceConfig$ApplicationHolder <init> Instantiated the Application class org.opendaylight.controller.northbound.commons.NorthboundApplication
2014-04-23 15:20:50 IST [com.sun.jersey.server.impl.application.WebApplicationImpl] INFO com.sun.jersey.server.impl.application.WebApplicationImpl _initiate Initiating Jersey application, version 'Jersey: 1.17 01/17/2013 03:31 PM'
2014-04-23 15:20:50 IST [com.sun.jersey.server.impl.application.DeferredResourceConfig] INFO com.sun.jersey.server.impl.application.DeferredResourceConfig$ApplicationHolder <init> Instantiated the Application class org.opendaylight.controller.northbound.commons.NorthboundApplication
2014-04-23 15:20:50 IST [com.sun.jersey.server.impl.application.WebApplicationImpl] INFO com.sun.jersey.server.impl.application.WebApplicationImpl _initiate Initiating Jersey application, version 'Jersey: 1.17 01/17/2013 03:31 PM'
2014-04-23 15:20:50 IST [com.sun.jersey.server.impl.application.DeferredResourceConfig] INFO com.sun.jersey.server.impl.application.DeferredResourceConfig$ApplicationHolder <init> Instantiated the Application class org.opendaylight.controller.northbound.commons.NorthboundApplication
2014-04-23 15:20:51 IST [com.sun.jersey.server.impl.application.WebApplicationImpl] INFO com.sun.jersey.server.impl.application.WebApplicationImpl _initiate Initiating Jersey application, version 'Jersey: 1.17 01/17/2013 03:31 PM'
2014-04-23 15:20:51 IST [com.sun.jersey.server.impl.application.DeferredResourceConfig] INFO com.sun.jersey.server.impl.application.DeferredResourceConfig$ApplicationHolder <init> Instantiated the Application class org.opendaylight.controller.networkconfig.neutron.northbound.NeutronNorthboundRSApplication
2014-04-23 15:20:53 IST [org.apache.catalina.core.ContainerBase.[Catalina].[localhost].[/controller/web/topology]] INFO org.apache.catalina.core.ApplicationContext log No Spring WebApplicationInitializer types detected on classpath
2014-04-23 15:20:53 IST [org.apache.catalina.core.ContainerBase.[Catalina].[localhost].[/controller/web/topology]] INFO org.apache.catalina.core.ApplicationContext log Initializing Spring FrameworkServlet 'Topology'
2014-04-23 15:20:54 IST [com.sun.jersey.server.impl.application.WebApplicationImpl] INFO com.sun.jersey.server.impl.application.WebApplicationImpl _initiate Initiating Jersey application, version 'Jersey: 1.17 01/17/2013 03:31 PM'
2014-04-23 15:20:54 IST [com.sun.jersey.server.impl.application.DeferredResourceConfig] INFO com.sun.jersey.server.impl.application.DeferredResourceConfig$ApplicationHolder <init> Instantiated the Application class org.opendaylight.controller.northbound.commons.NorthboundApplication
2014-04-23 15:21:29 IST [org.apache.jasper.compiler.TldLocationsCache] INFO org.apache.jasper.compiler.TldLocationsCache tldScanJar At least one JAR was scanned for TLDs yet contained no TLDs. Enable debug logging for this logger for a complete list of JARs that were scanned but no TLDs were found in them. Skipping unneeded JARs during scanning can improve startup time and JSP compilation time.
